c:\users\fredrik\dropbox\ntnu\5klasse\masteroppgave\kode\x64\debug\cccp-userinterface.lib
c:\users\fredrik\dropbox\ntnu\5klasse\masteroppgave\kode\x64\debug\cccp-userinterface.exp
c:\users\fredrik\dropbox\ntnu\5klasse\masteroppgave\kode\userinterface\x64\debug\vc120.pdb
c:\users\fredrik\dropbox\ntnu\5klasse\masteroppgave\kode\userinterface\x64\debug\moc_entitybrep.obj
c:\users\fredrik\dropbox\ntnu\5klasse\masteroppgave\kode\userinterface\x64\debug\moc_entity.obj
c:\users\fredrik\dropbox\ntnu\5klasse\masteroppgave\kode\userinterface\x64\debug\moc_drawviewmenu.obj
c:\users\fredrik\dropbox\ntnu\5klasse\masteroppgave\kode\userinterface\x64\debug\moc_drawmodel.obj
c:\users\fredrik\dropbox\ntnu\5klasse\masteroppgave\kode\userinterface\x64\debug\moc_drawcontroller.obj
c:\users\fredrik\dropbox\ntnu\5klasse\masteroppgave\kode\userinterface\x64\debug\moc_cmodel.obj
c:\users\fredrik\dropbox\ntnu\5klasse\masteroppgave\kode\userinterface\x64\debug\externalprocesshandler.obj
c:\users\fredrik\dropbox\ntnu\5klasse\masteroppgave\kode\userinterface\x64\debug\entitytreemenu.obj
c:\users\fredrik\dropbox\ntnu\5klasse\masteroppgave\kode\userinterface\x64\debug\abstractexport.obj
c:\users\fredrik\dropbox\ntnu\5klasse\masteroppgave\kode\userinterface\x64\debug\entitypoly.obj
c:\users\fredrik\dropbox\ntnu\5klasse\masteroppgave\kode\userinterface\x64\debug\entityoperation.obj
c:\users\fredrik\dropbox\ntnu\5klasse\masteroppgave\kode\userinterface\x64\debug\entitydialog.obj
c:\users\fredrik\dropbox\ntnu\5klasse\masteroppgave\kode\userinterface\x64\debug\entitycircle.obj
c:\users\fredrik\dropbox\ntnu\5klasse\masteroppgave\kode\userinterface\x64\debug\entitybrep.obj
c:\users\fredrik\dropbox\ntnu\5klasse\masteroppgave\kode\userinterface\x64\debug\entity.obj
c:\users\fredrik\dropbox\ntnu\5klasse\masteroppgave\kode\userinterface\x64\debug\element.obj
c:\users\fredrik\dropbox\ntnu\5klasse\masteroppgave\kode\userinterface\x64\debug\drawmodel.obj
c:\users\fredrik\dropbox\ntnu\5klasse\masteroppgave\kode\userinterface\x64\debug\drawcontroller.obj
c:\users\fredrik\dropbox\ntnu\5klasse\masteroppgave\kode\userinterface\x64\debug\cmodel.obj
c:\users\fredrik\dropbox\ntnu\5klasse\masteroppgave\kode\userinterface\x64\debug\brepfactory.obj
c:\users\fredrik\dropbox\ntnu\5klasse\masteroppgave\kode\userinterface\x64\debug\main.obj
c:\users\fredrik\dropbox\ntnu\5klasse\masteroppgave\kode\userinterface\x64\debug\leftwidgetresult.obj
c:\users\fredrik\dropbox\ntnu\5klasse\masteroppgave\kode\userinterface\x64\debug\leftwidgetpaint.obj
c:\users\fredrik\dropbox\ntnu\5klasse\masteroppgave\kode\userinterface\x64\debug\geoexport.obj
c:\users\fredrik\dropbox\ntnu\5klasse\masteroppgave\kode\userinterface\x64\debug\moc_treedrawmodel.obj
c:\users\fredrik\dropbox\ntnu\5klasse\masteroppgave\kode\userinterface\x64\debug\moc_resultmodel.obj
c:\users\fredrik\dropbox\ntnu\5klasse\masteroppgave\kode\userinterface\x64\debug\moc_resultcontroller.obj
c:\users\fredrik\dropbox\ntnu\5klasse\masteroppgave\kode\userinterface\x64\debug\moc_mshparser.obj
c:\users\fredrik\dropbox\ntnu\5klasse\masteroppgave\kode\userinterface\x64\debug\moc_mesh.obj
c:\users\fredrik\dropbox\ntnu\5klasse\masteroppgave\kode\userinterface\x64\debug\moc_mainwindow.obj
c:\users\fredrik\dropbox\ntnu\5klasse\masteroppgave\kode\userinterface\x64\debug\moc_leftwidgetresult.obj
c:\users\fredrik\dropbox\ntnu\5klasse\masteroppgave\kode\userinterface\x64\debug\moc_leftwidgetpaint.obj
c:\users\fredrik\dropbox\ntnu\5klasse\masteroppgave\kode\userinterface\x64\debug\moc_graphicsview.obj
c:\users\fredrik\dropbox\ntnu\5klasse\masteroppgave\kode\userinterface\x64\debug\moc_graphiccontroller.obj
c:\users\fredrik\dropbox\ntnu\5klasse\masteroppgave\kode\userinterface\x64\debug\moc_externalprocesshandler.obj
c:\users\fredrik\dropbox\ntnu\5klasse\masteroppgave\kode\userinterface\x64\debug\moc_entitytreemenu.obj
c:\users\fredrik\dropbox\ntnu\5klasse\masteroppgave\kode\userinterface\x64\debug\moc_entitypoly.obj
c:\users\fredrik\dropbox\ntnu\5klasse\masteroppgave\kode\userinterface\x64\debug\moc_entityoperation.obj
c:\users\fredrik\dropbox\ntnu\5klasse\masteroppgave\kode\userinterface\x64\debug\moc_entitydialog.obj
c:\users\fredrik\dropbox\ntnu\5klasse\masteroppgave\kode\userinterface\x64\debug\moc_entitycircle.obj
c:\users\fredrik\dropbox\ntnu\5klasse\masteroppgave\kode\userinterface\x64\debug\vtkparser.obj
c:\users\fredrik\dropbox\ntnu\5klasse\masteroppgave\kode\userinterface\x64\debug\vtkcontrolledseedwidget.obj
c:\users\fredrik\dropbox\ntnu\5klasse\masteroppgave\kode\userinterface\x64\debug\graphicsview.obj
c:\users\fredrik\dropbox\ntnu\5klasse\masteroppgave\kode\userinterface\x64\debug\treeitem.obj
c:\users\fredrik\dropbox\ntnu\5klasse\masteroppgave\kode\userinterface\x64\debug\treedrawmodel.obj
c:\users\fredrik\dropbox\ntnu\5klasse\masteroppgave\kode\userinterface\x64\debug\shortcutmanager.obj
c:\users\fredrik\dropbox\ntnu\5klasse\masteroppgave\kode\userinterface\x64\debug\resultmodel.obj
c:\users\fredrik\dropbox\ntnu\5klasse\masteroppgave\kode\userinterface\x64\debug\resultcontroller.obj
c:\users\fredrik\dropbox\ntnu\5klasse\masteroppgave\kode\userinterface\x64\debug\drawviewmenu.obj
c:\users\fredrik\dropbox\ntnu\5klasse\masteroppgave\kode\userinterface\x64\debug\mshparser.obj
c:\users\fredrik\dropbox\ntnu\5klasse\masteroppgave\kode\userinterface\x64\debug\mesh.obj
c:\users\fredrik\dropbox\ntnu\5klasse\masteroppgave\kode\userinterface\x64\debug\mainwindow.obj
c:\users\fredrik\dropbox\ntnu\5klasse\masteroppgave\kode\userinterface\x64\debug\qrc_mainwindow.obj
c:\users\fredrik\dropbox\ntnu\5klasse\masteroppgave\kode\userinterface\generatedfiles\debug\moc_mainwindow.cpp
c:\users\fredrik\dropbox\ntnu\5klasse\masteroppgave\kode\userinterface\generatedfiles\ui_mainwindow.h
c:\users\fredrik\dropbox\ntnu\5klasse\masteroppgave\kode\userinterface\generatedfiles\qrc_mainwindow.cpp
c:\users\fredrik\dropbox\ntnu\5klasse\masteroppgave\kode\userinterface\generatedfiles\debug\moc_entitytreemenu.cpp
c:\users\fredrik\dropbox\ntnu\5klasse\masteroppgave\kode\userinterface\generatedfiles\debug\moc_entitydialog.cpp
c:\users\fredrik\dropbox\ntnu\5klasse\masteroppgave\kode\userinterface\generatedfiles\debug\moc_externalprocesshandler.cpp
c:\users\fredrik\dropbox\ntnu\5klasse\masteroppgave\kode\userinterface\generatedfiles\debug\moc_drawmodel.cpp
c:\users\fredrik\dropbox\ntnu\5klasse\masteroppgave\kode\userinterface\generatedfiles\debug\moc_drawcontroller.cpp
c:\users\fredrik\dropbox\ntnu\5klasse\masteroppgave\kode\userinterface\generatedfiles\debug\moc_leftwidgetresult.cpp
c:\users\fredrik\dropbox\ntnu\5klasse\masteroppgave\kode\userinterface\generatedfiles\debug\moc_leftwidgetpaint.cpp
c:\users\fredrik\dropbox\ntnu\5klasse\masteroppgave\kode\userinterface\generatedfiles\debug\moc_resultmodel.cpp
c:\users\fredrik\dropbox\ntnu\5klasse\masteroppgave\kode\userinterface\generatedfiles\debug\moc_resultcontroller.cpp
c:\users\fredrik\dropbox\ntnu\5klasse\masteroppgave\kode\userinterface\generatedfiles\debug\moc_cmodel.cpp
c:\users\fredrik\dropbox\ntnu\5klasse\masteroppgave\kode\userinterface\generatedfiles\debug\moc_entitycircle.cpp
c:\users\fredrik\dropbox\ntnu\5klasse\masteroppgave\kode\userinterface\generatedfiles\debug\moc_entitypoly.cpp
c:\users\fredrik\dropbox\ntnu\5klasse\masteroppgave\kode\userinterface\generatedfiles\debug\moc_entitybrep.cpp
c:\users\fredrik\dropbox\ntnu\5klasse\masteroppgave\kode\userinterface\generatedfiles\debug\moc_entityoperation.cpp
c:\users\fredrik\dropbox\ntnu\5klasse\masteroppgave\kode\userinterface\generatedfiles\debug\moc_treedrawmodel.cpp
c:\users\fredrik\dropbox\ntnu\5klasse\masteroppgave\kode\userinterface\generatedfiles\debug\moc_drawviewmenu.cpp
c:\users\fredrik\dropbox\ntnu\5klasse\masteroppgave\kode\userinterface\generatedfiles\debug\moc_graphiccontroller.cpp
c:\users\fredrik\dropbox\ntnu\5klasse\masteroppgave\kode\userinterface\generatedfiles\debug\moc_entity.cpp
c:\users\fredrik\dropbox\ntnu\5klasse\masteroppgave\kode\userinterface\generatedfiles\debug\moc_mesh.cpp
c:\users\fredrik\dropbox\ntnu\5klasse\masteroppgave\kode\userinterface\generatedfiles\debug\moc_mshparser.cpp
c:\users\fredrik\dropbox\ntnu\5klasse\masteroppgave\kode\userinterface\generatedfiles\debug\moc_graphicsview.cpp
c:\users\fredrik\dropbox\ntnu\5klasse\masteroppgave\kode\userinterface\generatedfiles\ui_leftwidgetresult.h
c:\users\fredrik\dropbox\ntnu\5klasse\masteroppgave\kode\userinterface\generatedfiles\ui_leftwidgetpaint.h
c:\users\fredrik\dropbox\ntnu\5klasse\masteroppgave\kode\userinterface\generatedfiles\ui_entitydialog.h
c:\users\fredrik\dropbox\ntnu\5klasse\masteroppgave\kode\x64\debug\cccp-userinterface.ilk
c:\users\fredrik\dropbox\ntnu\5klasse\masteroppgave\kode\x64\debug\cccp-userinterface.exe
c:\users\fredrik\dropbox\ntnu\5klasse\masteroppgave\kode\x64\debug\cccp-userinterface.pdb
c:\users\fredrik\dropbox\ntnu\5klasse\masteroppgave\kode\userinterface\x64\debug\cccp-use.b12702ad.tlog\cccp-userinterface.write.1u.tlog
c:\users\fredrik\dropbox\ntnu\5klasse\masteroppgave\kode\userinterface\x64\debug\cccp-use.b12702ad.tlog\cl.command.1.tlog
c:\users\fredrik\dropbox\ntnu\5klasse\masteroppgave\kode\userinterface\x64\debug\cccp-use.b12702ad.tlog\cl.read.1.tlog
c:\users\fredrik\dropbox\ntnu\5klasse\masteroppgave\kode\userinterface\x64\debug\cccp-use.b12702ad.tlog\cl.write.1.tlog
c:\users\fredrik\dropbox\ntnu\5klasse\masteroppgave\kode\userinterface\x64\debug\cccp-use.b12702ad.tlog\custombuild.command.1.tlog
c:\users\fredrik\dropbox\ntnu\5klasse\masteroppgave\kode\userinterface\x64\debug\cccp-use.b12702ad.tlog\custombuild.read.1.tlog
c:\users\fredrik\dropbox\ntnu\5klasse\masteroppgave\kode\userinterface\x64\debug\cccp-use.b12702ad.tlog\custombuild.write.1.tlog
c:\users\fredrik\dropbox\ntnu\5klasse\masteroppgave\kode\userinterface\x64\debug\cccp-use.b12702ad.tlog\link.command.1.tlog
c:\users\fredrik\dropbox\ntnu\5klasse\masteroppgave\kode\userinterface\x64\debug\cccp-use.b12702ad.tlog\link.read.1.tlog
c:\users\fredrik\dropbox\ntnu\5klasse\masteroppgave\kode\userinterface\x64\debug\cccp-use.b12702ad.tlog\link.write.1.tlog
