Build started 24.10.2014 13:01:11.
     1>Project "C:\Users\Fredrik\Dropbox\NTNU\5klasse\Masteroppgave\Kode\UserInterface\UserInterface.vcxproj" on node 2 (Build target(s)).
     1>CustomBuild:
         Uic'ing mainwindow.ui...
       ClCompile:
         C:\Program Files (x86)\Microsoft Visual Studio 12.0\VC\bin\x86_amd64\CL.exe /c /I.\GeneratedFiles /I. /IC:\Qt\5.3\msvc2013_64_opengl\include /I.\GeneratedFiles\Debug /IC:\Qt\5.3\msvc2013_64_opengl\include\QtCore /IC:\Qt\5.3\msvc2013_64_opengl\include\QtGui /IC:\Qt\5.3\msvc2013_64_opengl\include\QtOpenGL /IC:\Qt\5.3\msvc2013_64_opengl\include\QtWidgets /Zi /nologo /W1 /WX- /Od /D UNICODE /D WIN32 /D WIN64 /D QT_DLL /D QT_CORE_LIB /D QT_GUI_LIB /D QT_OPENGL_LIB /D QT_WIDGETS_LIB /D TEST_EXPORT_LIB /Gm- /EHsc /MDd /GS /fp:precise /Zc:wchar_t- /Zc:forScope /Fo"x64\Debug\\" /Fd"x64\Debug\vc120.pdb" /Gd /TP /errorReport:prompt /DWNT GeneratedFiles\Debug\moc_mainwindow.cpp ShortcutManager.cpp main.cpp mainwindow.cpp
         moc_mainwindow.cpp
         ShortcutManager.cpp
         main.cpp
         mainwindow.cpp
         Generating Code...
       Link:
         C:\Program Files (x86)\Microsoft Visual Studio 12.0\VC\bin\x86_amd64\link.exe /ERRORREPORT:PROMPT /OUT:"C:\Users\Fredrik\Dropbox\NTNU\5klasse\Masteroppgave\Kode\x64\Debug\\CCCP-UserInterface.exe" /NOLOGO /LIBPATH:"C:\CCCP-Libraries\VTK\lib" /LIBPATH:C:\Qt\5.3\msvc2013_64_opengl\lib /LIBPATH:"C:\CCCP-Libraries\OCCT\lib" qtmaind.lib Qt5Cored.lib Qt5Guid.lib Qt5OpenGLd.lib opengl32.lib glu32.lib Qt5Widgetsd.lib "vtkalglib-6.1.lib" "vtkChartsCore-6.1.lib" "vtkCommonColor-6.1.lib" "vtkCommonComputationalGeometry-6.1.lib" "vtkCommonCore-6.1.lib" "vtkCommonDataModel-6.1.lib" "vtkCommonExecutionModel-6.1.lib" "vtkCommonMath-6.1.lib" "vtkCommonMisc-6.1.lib" "vtkCommonSystem-6.1.lib" "vtkCommonTransforms-6.1.lib" "vtkDICOMParser-6.1.lib" "vtkDomainsChemistry-6.1.lib" "vtkexoIIc-6.1.lib" "vtkexpat-6.1.lib" "vtkFiltersAMR-6.1.lib" "vtkFiltersCore-6.1.lib" "vtkFiltersExtraction-6.1.lib" "vtkFiltersFlowPaths-6.1.lib" "vtkFiltersGeneral-6.1.lib" "vtkFiltersGeneric-6.1.lib" "vtkFiltersGeometry-6.1.lib" "vtkFiltersHybrid-6.1.lib" "vtkFiltersHyperTree-6.1.lib" "vtkFiltersImaging-6.1.lib" "vtkFiltersModeling-6.1.lib" "vtkFiltersParallel-6.1.lib" "vtkFiltersParallelImaging-6.1.lib" "vtkFiltersProgrammable-6.1.lib" "vtkFiltersSelection-6.1.lib" "vtkFiltersSMP-6.1.lib" "vtkFiltersSources-6.1.lib" "vtkFiltersStatistics-6.1.lib" "vtkFiltersTexture-6.1.lib" "vtkFiltersVerdict-6.1.lib" "vtkfreetype-6.1.lib" "vtkftgl-6.1.lib" "vtkGeovisCore-6.1.lib" "vtkgl2ps-6.1.lib" "vtkGUISupportQt-6.1.lib" "vtkGUISupportQtOpenGL-6.1.lib" "vtkGUISupportQtSQL-6.1.lib" "vtkGUISupportQtWebkit-6.1.lib" "vtkhdf5-6.1.lib" "vtkhdf5_hl-6.1.lib" "vtkImagingColor-6.1.lib" "vtkImagingCore-6.1.lib" "vtkImagingFourier-6.1.lib" "vtkImagingGeneral-6.1.lib" "vtkImagingHybrid-6.1.lib" "vtkImagingMath-6.1.lib" "vtkImagingMorphological-6.1.lib" "vtkImagingSources-6.1.lib" "vtkImagingStatistics-6.1.lib" "vtkImagingStencil-6.1.lib" "vtkInfovisCore-6.1.lib" "vtkInfovisLayout-6.1.lib" "vtkInteractionImage-6.1.lib" "vtkInteractionStyle-6.1.lib" "vtkInteractionWidgets-6.1.lib" "vtkIOAMR-6.1.lib" "vtkIOCore-6.1.lib" "vtkIOEnSight-6.1.lib" "vtkIOExodus-6.1.lib" "vtkIOExport-6.1.lib" "vtkIOGeometry-6.1.lib" "vtkIOImage-6.1.lib" "vtkIOImport-6.1.lib" "vtkIOInfovis-6.1.lib" "vtkIOLegacy-6.1.lib" "vtkIOLSDyna-6.1.lib" "vtkIOMINC-6.1.lib" "vtkIOMovie-6.1.lib" "vtkIONetCDF-6.1.lib" "vtkIOParallel-6.1.lib" "vtkIOPLY-6.1.lib" "vtkIOSQL-6.1.lib" "vtkIOVideo-6.1.lib" "vtkIOXML-6.1.lib" "vtkIOXMLParser-6.1.lib" "vtkjpeg-6.1.lib" "vtkjsoncpp-6.1.lib" "vtklibxml2-6.1.lib" "vtkmetaio-6.1.lib" "vtkNetCDF-6.1.lib" "vtkNetCDF_cxx-6.1.lib" "vtkoggtheora-6.1.lib" "vtkParallelCore-6.1.lib" "vtkpng-6.1.lib" "vtkproj4-6.1.lib" "vtkRenderingAnnotation-6.1.lib" "vtkRenderingContext2D-6.1.lib" "vtkRenderingCore-6.1.lib" "vtkRenderingFreeType-6.1.lib" "vtkRenderingFreeTypeOpenGL-6.1.lib" "vtkRenderingGL2PS-6.1.lib" "vtkRenderingImage-6.1.lib" "vtkRenderingLabel-6.1.lib" "vtkRenderingLIC-6.1.lib" "vtkRenderingLOD-6.1.lib" "vtkRenderingOpenGL-6.1.lib" "vtkRenderingQt-6.1.lib" "vtkRenderingVolume-6.1.lib" "vtkRenderingVolumeAMR-6.1.lib" "vtkRenderingVolumeOpenGL-6.1.lib" "vtksqlite-6.1.lib" "vtksys-6.1.lib" "vtktiff-6.1.lib" "vtkverdict-6.1.lib" "vtkViewsContext2D-6.1.lib" "vtkViewsCore-6.1.lib" "vtkViewsGeovis-6.1.lib" "vtkViewsInfovis-6.1.lib" "vtkViewsQt-6.1.lib" "vtkzlib-6.1.lib" PTKernel.lib TKAdvTools.lib TKBinL.lib TKBO.lib TKBool.lib TKBRep.lib TKCAF.lib TKCDF.lib TKernel.lib TKFeat.lib TKFillet.lib TKG2d.lib TKG3d.lib TKGeomAlgo.lib TKGeomBase.lib TKHLR.lib TKLCAF.lib TKMath.lib TKMesh.lib TKMeshVS.lib TKNIS.lib TKOffset.lib TKOpenGl.lib TKPrim.lib TKPShape.lib TKService.lib TKShHealing.lib TKTopAlgo.lib TKV3d.lib TKVoxel.lib TKXMesh.lib TKXmlL.lib kernel32.lib user32.lib gdi32.lib winspool.lib comdlg32.lib advapi32.lib shell32.lib ole32.lib oleaut32.lib uuid.lib odbc32.lib odbccp32.lib /MANIFEST /MANIFESTUAC:"level='asInvoker' uiAccess='false'" /manifest:embed /DEBUG /PDB:"C:\Users\Fredrik\Dropbox\NTNU\5klasse\Masteroppgave\Kode\x64\Debug\CCCP-UserInterface.pdb" /SUBSYSTEM:WINDOWS /TLBID:1 /DYNAMICBASE /NXCOMPAT /IMPLIB:"C:\Users\Fredrik\Dropbox\NTNU\5klasse\Masteroppgave\Kode\x64\Debug\CCCP-UserInterface.lib" /MACHINE:X64 x64\Debug\BREPFactory.obj
         x64\Debug\CModel.obj
         x64\Debug\DrawController.obj
         x64\Debug\DrawModel.obj
         x64\Debug\Element.obj
         x64\Debug\Entity.obj
         x64\Debug\EntityBRep.obj
         x64\Debug\EntityCircle.obj
         x64\Debug\EntityDialog.obj
         x64\Debug\EntityOperation.obj
         x64\Debug\EntityPoly.obj
         x64\Debug\AbstractExport.obj
         x64\Debug\EntityTreeMenu.obj
         x64\Debug\ExternalProcessHandler.obj
         x64\Debug\moc_CModel.obj
         x64\Debug\moc_DrawController.obj
         x64\Debug\moc_DrawModel.obj
         x64\Debug\moc_DrawViewMenu.obj
         x64\Debug\moc_Entity.obj
         x64\Debug\moc_EntityBRep.obj
         x64\Debug\moc_EntityCircle.obj
         x64\Debug\moc_EntityDialog.obj
         x64\Debug\moc_EntityOperation.obj
         x64\Debug\moc_EntityPoly.obj
         x64\Debug\moc_EntityTreeMenu.obj
         x64\Debug\moc_ExternalProcessHandler.obj
         x64\Debug\moc_GraphicController.obj
         x64\Debug\moc_GraphicsView.obj
         x64\Debug\moc_LeftWidgetPaint.obj
         x64\Debug\moc_LeftWidgetResult.obj
         x64\Debug\moc_mainwindow.obj
         x64\Debug\moc_Mesh.obj
         x64\Debug\moc_MSHParser.obj
         x64\Debug\moc_ResultController.obj
         x64\Debug\moc_ResultModel.obj
         x64\Debug\moc_TreeDrawModel.obj
         x64\Debug\qrc_mainwindow.obj
         x64\Debug\GeoExport.obj
         x64\Debug\LeftWidgetPaint.obj
         x64\Debug\LeftWidgetResult.obj
         x64\Debug\main.obj
         x64\Debug\mainwindow.obj
         x64\Debug\Mesh.obj
         x64\Debug\MSHParser.obj
         x64\Debug\DrawViewMenu.obj
         x64\Debug\ResultController.obj
         x64\Debug\ResultModel.obj
         x64\Debug\ShortcutManager.obj
         x64\Debug\TreeDrawModel.obj
         x64\Debug\TreeItem.obj
         x64\Debug\GraphicsView.obj
         x64\Debug\VTKControlledSeedWidget.obj
         x64\Debug\VTKParser.obj
            Creating library C:\Users\Fredrik\Dropbox\NTNU\5klasse\Masteroppgave\Kode\x64\Debug\CCCP-UserInterface.lib and object C:\Users\Fredrik\Dropbox\NTNU\5klasse\Masteroppgave\Kode\x64\Debug\CCCP-UserInterface.exp
         UserInterface.vcxproj -> C:\Users\Fredrik\Dropbox\NTNU\5klasse\Masteroppgave\Kode\x64\Debug\CCCP-UserInterface.exe
     1>Done Building Project "C:\Users\Fredrik\Dropbox\NTNU\5klasse\Masteroppgave\Kode\UserInterface\UserInterface.vcxproj" (Build target(s)).

Build succeeded.

Time Elapsed 00:00:36.59
